<?xml version="1.0" encoding="UTF-8"?>
<testsuite name="qkart.testcases.QKartTests" tests="11" skipped="0" failures="0" errors="0" timestamp="2025-05-05T13:10:42" hostname="LAKESH-LAPTOP" time="290.242">
  <properties/>
  <testcase name="TestCase01[0](testUser, abc@123)" classname="qkart.testcases.QKartTests" time="10.553"/>
  <testcase name="TestCase02[0](testUser, abc@123)" classname="qkart.testcases.QKartTests" time="20.515"/>
  <testcase name="TestCase03" classname="qkart.testcases.QKartTests" time="20.744"/>
  <testcase name="TestCase04" classname="qkart.testcases.QKartTests" time="15.859"/>
  <testcase name="TestCase05[0](testUser, abc@123, YONEX Smash Badminton Racquet, Tan Leatherette Weekender Duffle, Addr line 1 addr Line 2 addr line 3)" classname="qkart.testcases.QKartTests" time="28.338"/>
  <testcase name="TestCase06[0](testUser, abc@123, Xtend Smart Watch, Yarine Floor Lamp, Addr line 1 addr Line 2 addr line 3)" classname="qkart.testcases.QKartTests" time="55.385"/>
  <testcase name="TestCase07[0](testUser, abc@123, Stylecon 9 Seater RHS Sofa Set, 10, Addr line 1 addr Line 2 addr line 3)" classname="qkart.testcases.QKartTests" time="48.376"/>
  <testcase name="TestCase08[0](testUser, abc@123)" classname="qkart.testcases.QKartTests" time="31.625"/>
  <testcase name="TestCase09[0](testUser, abc@123)" classname="qkart.testcases.QKartTests" time="18.099"/>
  <testcase name="TestCase10" classname="qkart.testcases.QKartTests" time="4.488"/>
  <testcase name="TestCase11[0](testUser, abc@123)" classname="qkart.testcases.QKartTests" time="36.235"/>
  <system-out><![CDATA[]]></system-out>
  <system-err><![CDATA[]]></system-err>
</testsuite>
