<?xml version="1.0" encoding="UTF-8"?>
<testsuite name="qkart.testcases.TestsB" tests="3" skipped="0" failures="0" errors="0" timestamp="2025-05-07T15:38:46" hostname="LAKESH-LAPTOP" time="51.295">
  <properties/>
  <testcase name="TestCase02[0](testUserA, abc@123)" classname="qkart.testcases.TestsB" time="28.702"/>
  <testcase name="TestCase04" classname="qkart.testcases.TestsB" time="17.763"/>
  <testcase name="TestCase10" classname="qkart.testcases.TestsB" time="4.83"/>
  <system-out><![CDATA[]]></system-out>
  <system-err><![CDATA[]]></system-err>
</testsuite>
