<?xml version="1.0" encoding="UTF-8"?>
<testsuite name="QKART_TESTNG.testcases.QKART_Tests" tests="3" skipped="0" failures="0" errors="0" timestamp="2025-03-12T11:05:06" hostname="LAKESH-LAPTOP" time="35.722">
  <properties/>
  <testcase name="TestCase09[0](testUser, abc@123)" classname="QKART_TESTNG.testcases.QKART_Tests" time="11.059"/>
  <testcase name="TestCase10[0](testUser, abc@123)" classname="QKART_TESTNG.testcases.QKART_Tests" time="2.812"/>
  <testcase name="TestCase11[0](testUser, abc@123)" classname="QKART_TESTNG.testcases.QKART_Tests" time="21.283"/>
  <system-out><![CDATA[]]></system-out>
  <system-err><![CDATA[]]></system-err>
</testsuite>
